mode: set
github.com/abeselom-personal/go-ai-service/cmd/main.go:15.13,18.16 2 0
github.com/abeselom-personal/go-ai-service/cmd/main.go:18.16,19.55 1 0
github.com/abeselom-personal/go-ai-service/cmd/main.go:23.2,36.16 4 0
github.com/abeselom-personal/go-ai-service/cmd/main.go:36.16,38.3 1 0
github.com/abeselom-personal/go-ai-service/cmd/main.go:41.2,41.35 1 0
github.com/abeselom-personal/go-ai-service/cmd/main.go:41.35,42.77 1 0
github.com/abeselom-personal/go-ai-service/cmd/main.go:42.77,44.4 1 0
github.com/abeselom-personal/go-ai-service/cmd/main.go:47.2,62.48 6 0
github.com/abeselom-personal/go-ai-service/cmd/main.go:62.48,64.3 1 0
github.com/abeselom-personal/go-ai-service/internal/database/database.go:21.50,28.16 3 0
github.com/abeselom-personal/go-ai-service/internal/database/database.go:28.16,30.3 1 0
github.com/abeselom-personal/go-ai-service/internal/database/database.go:32.2,33.16 2 0
github.com/abeselom-personal/go-ai-service/internal/database/database.go:33.16,35.3 1 0
github.com/abeselom-personal/go-ai-service/internal/database/database.go:38.2,45.16 5 0
github.com/abeselom-personal/go-ai-service/internal/config/config.go:76.47,139.41 47 0
github.com/abeselom-personal/go-ai-service/internal/config/config.go:139.41,140.56 1 0
github.com/abeselom-personal/go-ai-service/internal/config/config.go:140.56,142.4 1 0
github.com/abeselom-personal/go-ai-service/internal/config/config.go:145.2,146.42 2 0
github.com/abeselom-personal/go-ai-service/internal/config/config.go:146.42,148.3 1 0
github.com/abeselom-personal/go-ai-service/internal/config/config.go:149.2,149.45 1 0
github.com/abeselom-personal/go-ai-service/internal/config/config.go:149.45,151.3 1 0
github.com/abeselom-personal/go-ai-service/internal/config/config.go:153.2,153.18 1 0
github.com/abeselom-personal/go-ai-service/internal/config/config.go:156.40,157.38 1 0
github.com/abeselom-personal/go-ai-service/internal/config/config.go:157.38,159.3 1 0
github.com/abeselom-personal/go-ai-service/internal/config/config.go:161.2,161.43 1 0
github.com/abeselom-personal/go-ai-service/internal/config/config.go:161.43,163.3 1 0
github.com/abeselom-personal/go-ai-service/internal/config/config.go:165.2,165.29 1 0
github.com/abeselom-personal/go-ai-service/internal/config/config.go:165.29,167.3 1 0
github.com/abeselom-personal/go-ai-service/internal/config/config.go:169.2,169.29 1 0
github.com/abeselom-personal/go-ai-service/internal/config/config.go:169.29,171.3 1 0
github.com/abeselom-personal/go-ai-service/internal/config/config.go:173.2,173.29 1 0
github.com/abeselom-personal/go-ai-service/internal/config/config.go:173.29,175.3 1 0
github.com/abeselom-personal/go-ai-service/internal/config/config.go:177.2,177.68 1 0
github.com/abeselom-personal/go-ai-service/internal/config/config.go:177.68,179.3 1 0
github.com/abeselom-personal/go-ai-service/internal/config/config.go:181.2,181.12 1 0
github.com/abeselom-personal/go-ai-service/internal/model/model.go:21.49,22.22 1 0
github.com/abeselom-personal/go-ai-service/internal/model/model.go:22.22,24.3 1 0
github.com/abeselom-personal/go-ai-service/internal/model/model.go:25.2,25.12 1 0
github.com/abeselom-personal/go-ai-service/internal/model/provider.go:22.52,23.22 1 0
github.com/abeselom-personal/go-ai-service/internal/model/provider.go:23.22,25.3 1 0
github.com/abeselom-personal/go-ai-service/internal/model/provider.go:26.2,26.12 1 0
github.com/abeselom-personal/go-ai-service/internal/repository/mocks/mock_provider_repository.go:33.81,37.2 3 0
github.com/abeselom-personal/go-ai-service/internal/repository/mocks/mock_provider_repository.go:40.79,42.2 1 0
github.com/abeselom-personal/go-ai-service/internal/repository/mocks/mock_provider_repository.go:45.94,50.2 4 0
github.com/abeselom-personal/go-ai-service/internal/repository/mocks/mock_provider_repository.go:53.86,56.2 2 0
github.com/abeselom-personal/go-ai-service/internal/repository/mocks/mock_provider_repository.go:59.79,64.2 4 0
github.com/abeselom-personal/go-ai-service/internal/repository/mocks/mock_provider_repository.go:67.80,70.2 2 0
github.com/abeselom-personal/go-ai-service/internal/repository/mocks/mock_provider_repository.go:73.99,79.2 5 0
github.com/abeselom-personal/go-ai-service/internal/repository/mocks/mock_provider_repository.go:82.81,85.2 2 0
github.com/abeselom-personal/go-ai-service/internal/repository/mocks/mock_provider_repository.go:88.103,94.2 5 0
github.com/abeselom-personal/go-ai-service/internal/repository/mocks/mock_provider_repository.go:97.85,100.2 2 0
github.com/abeselom-personal/go-ai-service/internal/repository/mocks/mock_provider_repository.go:103.89,109.2 5 0
github.com/abeselom-personal/go-ai-service/internal/repository/mocks/mock_provider_repository.go:112.77,115.2 2 0
github.com/abeselom-personal/go-ai-service/internal/repository/mocks/mock_provider_repository.go:118.94,123.2 4 0
github.com/abeselom-personal/go-ai-service/internal/repository/mocks/mock_provider_repository.go:126.86,129.2 2 0
github.com/abeselom-personal/go-ai-service/internal/repository/mocks/mock_provider_repository.go:132.109,137.2 4 0
github.com/abeselom-personal/go-ai-service/internal/repository/mocks/mock_provider_repository.go:140.89,143.2 2 0
github.com/abeselom-personal/go-ai-service/internal/repository/model_repository.go:32.54,34.2 1 1
github.com/abeselom-personal/go-ai-service/internal/repository/model_repository.go:36.82,37.34 1 1
github.com/abeselom-personal/go-ai-service/internal/repository/model_repository.go:37.34,39.3 1 1
github.com/abeselom-personal/go-ai-service/internal/repository/model_repository.go:41.2,42.43 2 1
github.com/abeselom-personal/go-ai-service/internal/repository/model_repository.go:42.43,44.3 1 1
github.com/abeselom-personal/go-ai-service/internal/repository/model_repository.go:45.2,45.12 1 1
github.com/abeselom-personal/go-ai-service/internal/repository/model_repository.go:48.90,54.44 3 1
github.com/abeselom-personal/go-ai-service/internal/repository/model_repository.go:54.44,56.3 1 1
github.com/abeselom-personal/go-ai-service/internal/repository/model_repository.go:57.2,57.20 1 1
github.com/abeselom-personal/go-ai-service/internal/repository/model_repository.go:60.117,66.44 3 1
github.com/abeselom-personal/go-ai-service/internal/repository/model_repository.go:66.44,68.3 1 1
github.com/abeselom-personal/go-ai-service/internal/repository/model_repository.go:69.2,69.20 1 1
github.com/abeselom-personal/go-ai-service/internal/repository/model_repository.go:72.82,73.26 1 1
github.com/abeselom-personal/go-ai-service/internal/repository/model_repository.go:73.26,75.3 1 0
github.com/abeselom-personal/go-ai-service/internal/repository/model_repository.go:77.2,82.25 2 1
github.com/abeselom-personal/go-ai-service/internal/repository/model_repository.go:82.25,84.3 1 1
github.com/abeselom-personal/go-ai-service/internal/repository/model_repository.go:85.2,85.30 1 1
github.com/abeselom-personal/go-ai-service/internal/repository/model_repository.go:85.30,87.3 1 0
github.com/abeselom-personal/go-ai-service/internal/repository/model_repository.go:88.2,88.12 1 1
github.com/abeselom-personal/go-ai-service/internal/repository/model_repository.go:91.72,96.25 2 1
github.com/abeselom-personal/go-ai-service/internal/repository/model_repository.go:96.25,98.3 1 1
github.com/abeselom-personal/go-ai-service/internal/repository/model_repository.go:99.2,99.30 1 1
github.com/abeselom-personal/go-ai-service/internal/repository/model_repository.go:99.30,101.3 1 0
github.com/abeselom-personal/go-ai-service/internal/repository/model_repository.go:102.2,102.12 1 1
github.com/abeselom-personal/go-ai-service/internal/repository/model_repository.go:105.106,111.2 3 1
github.com/abeselom-personal/go-ai-service/internal/repository/provider_repository.go:33.60,35.2 1 1
github.com/abeselom-personal/go-ai-service/internal/repository/provider_repository.go:37.91,38.25 1 1
github.com/abeselom-personal/go-ai-service/internal/repository/provider_repository.go:38.25,40.3 1 1
github.com/abeselom-personal/go-ai-service/internal/repository/provider_repository.go:41.2,42.43 2 1
github.com/abeselom-personal/go-ai-service/internal/repository/provider_repository.go:42.43,44.3 1 0
github.com/abeselom-personal/go-ai-service/internal/repository/provider_repository.go:45.2,45.12 1 1
github.com/abeselom-personal/go-ai-service/internal/repository/provider_repository.go:48.96,55.44 3 1
github.com/abeselom-personal/go-ai-service/internal/repository/provider_repository.go:55.44,57.3 1 0
github.com/abeselom-personal/go-ai-service/internal/repository/provider_repository.go:58.2,58.23 1 1
github.com/abeselom-personal/go-ai-service/internal/repository/provider_repository.go:61.100,68.44 3 1
github.com/abeselom-personal/go-ai-service/internal/repository/provider_repository.go:68.44,70.3 1 1
github.com/abeselom-personal/go-ai-service/internal/repository/provider_repository.go:71.2,71.23 1 1
github.com/abeselom-personal/go-ai-service/internal/repository/provider_repository.go:74.91,75.29 1 1
github.com/abeselom-personal/go-ai-service/internal/repository/provider_repository.go:75.29,77.3 1 0
github.com/abeselom-personal/go-ai-service/internal/repository/provider_repository.go:79.2,84.25 2 1
github.com/abeselom-personal/go-ai-service/internal/repository/provider_repository.go:84.25,86.3 1 1
github.com/abeselom-personal/go-ai-service/internal/repository/provider_repository.go:87.2,87.30 1 0
github.com/abeselom-personal/go-ai-service/internal/repository/provider_repository.go:87.30,89.3 1 0
github.com/abeselom-personal/go-ai-service/internal/repository/provider_repository.go:90.2,90.12 1 0
github.com/abeselom-personal/go-ai-service/internal/repository/provider_repository.go:93.75,98.25 2 1
github.com/abeselom-personal/go-ai-service/internal/repository/provider_repository.go:98.25,100.3 1 1
github.com/abeselom-personal/go-ai-service/internal/repository/provider_repository.go:101.2,101.30 1 0
github.com/abeselom-personal/go-ai-service/internal/repository/provider_repository.go:101.30,103.3 1 0
github.com/abeselom-personal/go-ai-service/internal/repository/provider_repository.go:104.2,104.12 1 0
github.com/abeselom-personal/go-ai-service/internal/repository/provider_repository.go:107.86,113.2 3 0
github.com/abeselom-personal/go-ai-service/internal/repository/repository.go:16.105,17.67 1 1
github.com/abeselom-personal/go-ai-service/internal/repository/repository.go:17.67,20.3 2 1
github.com/abeselom-personal/go-ai-service/internal/repository/repository.go:24.62,25.54 1 0
github.com/abeselom-personal/go-ai-service/internal/repository/repository.go:25.54,27.3 1 0
github.com/abeselom-personal/go-ai-service/internal/repository/repository.go:28.2,28.18 1 0
